This is pdfTeX, Version 3.141592653-2.6-1.40.23 (TeX Live 2021) (preloaded format=pdflatex 2021.9.16)  1 OCT 2021 17:07
entering extended mode
 restricted \write18 enabled.
 %&-line parsing enabled.
**presentation1.tex
(./presentation1.tex
LaTeX2e <2021-06-01> patch level 1
L3 programming layer <2021-08-27> (/home/pacha/.TinyTeX/texmf-dist/tex/latex/be
amer/beamer.cls
Document Class: beamer 2021/05/26 v3.63 A class for typesetting presentations
(/home/pacha/.TinyTeX/texmf-dist/tex/latex/beamer/beamerbasemodes.sty (/home/pa
cha/.TinyTeX/texmf-dist/tex/latex/etoolbox/etoolbox.sty
Package: etoolbox 2020/10/05 v2.5k e-TeX tools for LaTeX (JAW)
\etb@tempcnta=\count182
)
\beamer@tempbox=\box50
\beamer@tempcount=\count183
\c@beamerpauses=\count184
(/home/pacha/.TinyTeX/texmf-dist/tex/latex/beamer/beamerbasedecode.sty
\beamer@slideinframe=\count185
\beamer@minimum=\count186
\beamer@decode@box=\box51
)
\beamer@commentbox=\box52
\beamer@modecount=\count187
) (/home/pacha/.TinyTeX/texmf-dist/tex/generic/iftex/ifpdf.sty
Package: ifpdf 2019/10/25 v3.4 ifpdf legacy package. Use iftex instead.
(/home/pacha/.TinyTeX/texmf-dist/tex/generic/iftex/iftex.sty
Package: iftex 2020/03/06 v1.0d TeX engine tests
))
\headdp=\dimen138
\footheight=\dimen139
\sidebarheight=\dimen140
\beamer@tempdim=\dimen141
\beamer@finalheight=\dimen142
\beamer@animht=\dimen143
\beamer@animdp=\dimen144
\beamer@animwd=\dimen145
\beamer@leftmargin=\dimen146
\beamer@rightmargin=\dimen147
\beamer@leftsidebar=\dimen148
\beamer@rightsidebar=\dimen149
\beamer@boxsize=\dimen150
\beamer@vboxoffset=\dimen151
\beamer@descdefault=\dimen152
\beamer@descriptionwidth=\dimen153
\beamer@lastskip=\skip47
\beamer@areabox=\box53
\beamer@animcurrent=\box54
\beamer@animshowbox=\box55
\beamer@sectionbox=\box56
\beamer@logobox=\box57
\beamer@linebox=\box58
\beamer@sectioncount=\count188
\beamer@subsubsectionmax=\count189
\beamer@subsectionmax=\count190
\beamer@sectionmax=\count191
\beamer@totalheads=\count192
\beamer@headcounter=\count193
\beamer@partstartpage=\count194
\beamer@sectionstartpage=\count195
\beamer@subsectionstartpage=\count196
\beamer@animationtempa=\count197
\beamer@animationtempb=\count198
\beamer@xpos=\count199
\beamer@ypos=\count266
\beamer@ypos@offset=\count267
\beamer@showpartnumber=\count268
\beamer@currentsubsection=\count269
\beamer@coveringdepth=\count270
\beamer@sectionadjust=\count271
\beamer@toclastsection=\count272
\beamer@tocsectionnumber=\count273
(/home/pacha/.TinyTeX/texmf-dist/tex/latex/beamer/beamerbaseoptions.sty (/home/
pacha/.TinyTeX/texmf-dist/tex/latex/graphics/keyval.sty
Package: keyval 2014/10/28 v1.15 key=value parser (DPC)
\KV@toks@=\toks16
))
\beamer@paperwidth=\skip48
\beamer@paperheight=\skip49
(/home/pacha/.TinyTeX/texmf-dist/tex/latex/geometry/geometry.sty
Package: geometry 2020/01/02 v5.9 Page Geometry
(/home/pacha/.TinyTeX/texmf-dist/tex/generic/iftex/ifvtex.sty
Package: ifvtex 2019/10/25 v1.7 ifvtex legacy package. Use iftex instead.
)
\Gm@cnth=\count274
\Gm@cntv=\count275
\c@Gm@tempcnt=\count276
\Gm@bindingoffset=\dimen154
\Gm@wd@mp=\dimen155
\Gm@odd@mp=\dimen156
\Gm@even@mp=\dimen157
\Gm@layoutwidth=\dimen158
\Gm@layoutheight=\dimen159
\Gm@layouthoffset=\dimen160
\Gm@layoutvoffset=\dimen161
\Gm@dimlist=\toks17
) (/home/pacha/.TinyTeX/texmf-dist/tex/latex/base/size11.clo
File: size11.clo 2021/02/12 v1.4n Standard LaTeX file (size option)
) (/home/pacha/.TinyTeX/texmf-dist/tex/latex/pgf/basiclayer/pgfcore.sty (/home/
pacha/.TinyTeX/texmf-dist/tex/latex/graphics/graphicx.sty
Package: graphicx 2020/12/05 v1.2c Enhanced LaTeX Graphics (DPC,SPQR)
(/home/pacha/.TinyTeX/texmf-dist/tex/latex/graphics/graphics.sty
Package: graphics 2021/03/04 v1.4d Standard LaTeX Graphics (DPC,SPQR)
(/home/pacha/.TinyTeX/texmf-dist/tex/latex/graphics/trig.sty
Package: trig 2016/01/03 v1.10 sin cos tan (DPC)
) (/home/pacha/.TinyTeX/texmf-dist/tex/latex/graphics-cfg/graphics.cfg
File: graphics.cfg 2016/06/04 v1.11 sample graphics configuration
)
Package graphics Info: Driver file: pdftex.def on input line 107.
(/home/pacha/.TinyTeX/texmf-dist/tex/latex/graphics-def/pdftex.def
File: pdftex.def 2020/10/05 v1.2a Graphics/color driver for pdftex
))
\Gin@req@height=\dimen162
\Gin@req@width=\dimen163
) (/home/pacha/.TinyTeX/texmf-dist/tex/latex/pgf/systemlayer/pgfsys.sty (/home/
pacha/.TinyTeX/texmf-dist/tex/latex/pgf/utilities/pgfrcs.sty (/home/pacha/.Tiny
TeX/texmf-dist/tex/generic/pgf/utilities/pgfutil-common.tex
\pgfutil@everybye=\toks18
\pgfutil@tempdima=\dimen164
\pgfutil@tempdimb=\dimen165

(/home/pacha/.TinyTeX/texmf-dist/tex/generic/pgf/utilities/pgfutil-common-lists
.tex)) (/home/pacha/.TinyTeX/texmf-dist/tex/generic/pgf/utilities/pgfutil-latex
.def
\pgfutil@abb=\box59
) (/home/pacha/.TinyTeX/texmf-dist/tex/generic/pgf/utilities/pgfrcs.code.tex (/
home/pacha/.TinyTeX/texmf-dist/tex/generic/pgf/pgf.revision.tex)
Package: pgfrcs 2021/05/15 v3.1.9a (3.1.9a)
)) (/home/pacha/.TinyTeX/texmf-dist/tex/generic/pgf/systemlayer/pgfsys.code.tex
Package: pgfsys 2021/05/15 v3.1.9a (3.1.9a)
(/home/pacha/.TinyTeX/texmf-dist/tex/generic/pgf/utilities/pgfkeys.code.tex
\pgfkeys@pathtoks=\toks19
\pgfkeys@temptoks=\toks20

(/home/pacha/.TinyTeX/texmf-dist/tex/generic/pgf/utilities/pgfkeysfiltered.code
.tex
\pgfkeys@tmptoks=\toks21
))
\pgf@x=\dimen166
\pgf@y=\dimen167
\pgf@xa=\dimen168
\pgf@ya=\dimen169
\pgf@xb=\dimen170
\pgf@yb=\dimen171
\pgf@xc=\dimen172
\pgf@yc=\dimen173
\pgf@xd=\dimen174
\pgf@yd=\dimen175
\w@pgf@writea=\write3
\r@pgf@reada=\read2
\c@pgf@counta=\count277
\c@pgf@countb=\count278
\c@pgf@countc=\count279
\c@pgf@countd=\count280
\t@pgf@toka=\toks22
\t@pgf@tokb=\toks23
\t@pgf@tokc=\toks24
\pgf@sys@id@count=\count281
(/home/pacha/.TinyTeX/texmf-dist/tex/generic/pgf/systemlayer/pgf.cfg
File: pgf.cfg 2021/05/15 v3.1.9a (3.1.9a)
)
Driver file for pgf: pgfsys-pdftex.def
(/home/pacha/.TinyTeX/texmf-dist/tex/generic/pgf/systemlayer/pgfsys-pdftex.def
File: pgfsys-pdftex.def 2021/05/15 v3.1.9a (3.1.9a)

(/home/pacha/.TinyTeX/texmf-dist/tex/generic/pgf/systemlayer/pgfsys-common-pdf.
def
File: pgfsys-common-pdf.def 2021/05/15 v3.1.9a (3.1.9a)
)))
(/home/pacha/.TinyTeX/texmf-dist/tex/generic/pgf/systemlayer/pgfsyssoftpath.cod
e.tex
File: pgfsyssoftpath.code.tex 2021/05/15 v3.1.9a (3.1.9a)
\pgfsyssoftpath@smallbuffer@items=\count282
\pgfsyssoftpath@bigbuffer@items=\count283
)
(/home/pacha/.TinyTeX/texmf-dist/tex/generic/pgf/systemlayer/pgfsysprotocol.cod
e.tex
File: pgfsysprotocol.code.tex 2021/05/15 v3.1.9a (3.1.9a)
)) (/home/pacha/.TinyTeX/texmf-dist/tex/latex/xcolor/xcolor.sty
Package: xcolor 2016/05/11 v2.12 LaTeX color extensions (UK)
(/home/pacha/.TinyTeX/texmf-dist/tex/latex/graphics-cfg/color.cfg
File: color.cfg 2016/01/02 v1.6 sample color configuration
)
Package xcolor Info: Driver file: pdftex.def on input line 225.
Package xcolor Info: Model `cmy' substituted by `cmy0' on input line 1348.
Package xcolor Info: Model `hsb' substituted by `rgb' on input line 1352.
Package xcolor Info: Model `RGB' extended on input line 1364.
Package xcolor Info: Model `HTML' substituted by `rgb' on input line 1366.
Package xcolor Info: Model `Hsb' substituted by `hsb' on input line 1367.
Package xcolor Info: Model `tHsb' substituted by `hsb' on input line 1368.
Package xcolor Info: Model `HSB' substituted by `hsb' on input line 1369.
Package xcolor Info: Model `Gray' substituted by `gray' on input line 1370.
Package xcolor Info: Model `wave' substituted by `hsb' on input line 1371.
) (/home/pacha/.TinyTeX/texmf-dist/tex/generic/pgf/basiclayer/pgfcore.code.tex
Package: pgfcore 2021/05/15 v3.1.9a (3.1.9a)
(/home/pacha/.TinyTeX/texmf-dist/tex/generic/pgf/math/pgfmath.code.tex (/home/p
acha/.TinyTeX/texmf-dist/tex/generic/pgf/math/pgfmathcalc.code.tex (/home/pacha
/.TinyTeX/texmf-dist/tex/generic/pgf/math/pgfmathutil.code.tex) (/home/pacha/.T
inyTeX/texmf-dist/tex/generic/pgf/math/pgfmathparser.code.tex
\pgfmath@dimen=\dimen176
\pgfmath@count=\count284
\pgfmath@box=\box60
\pgfmath@toks=\toks25
\pgfmath@stack@operand=\toks26
\pgfmath@stack@operation=\toks27
)
(/home/pacha/.TinyTeX/texmf-dist/tex/generic/pgf/math/pgfmathfunctions.code.tex

(/home/pacha/.TinyTeX/texmf-dist/tex/generic/pgf/math/pgfmathfunctions.basic.co
de.tex)
(/home/pacha/.TinyTeX/texmf-dist/tex/generic/pgf/math/pgfmathfunctions.trigonom
etric.code.tex)
(/home/pacha/.TinyTeX/texmf-dist/tex/generic/pgf/math/pgfmathfunctions.random.c
ode.tex)
(/home/pacha/.TinyTeX/texmf-dist/tex/generic/pgf/math/pgfmathfunctions.comparis
on.code.tex)
(/home/pacha/.TinyTeX/texmf-dist/tex/generic/pgf/math/pgfmathfunctions.base.cod
e.tex)
(/home/pacha/.TinyTeX/texmf-dist/tex/generic/pgf/math/pgfmathfunctions.round.co
de.tex)
(/home/pacha/.TinyTeX/texmf-dist/tex/generic/pgf/math/pgfmathfunctions.misc.cod
e.tex)
(/home/pacha/.TinyTeX/texmf-dist/tex/generic/pgf/math/pgfmathfunctions.integera
rithmetics.code.tex))) (/home/pacha/.TinyTeX/texmf-dist/tex/generic/pgf/math/pg
fmathfloat.code.tex
\c@pgfmathroundto@lastzeros=\count285
)) (/home/pacha/.TinyTeX/texmf-dist/tex/generic/pgf/math/pgfint.code.tex)
(/home/pacha/.TinyTeX/texmf-dist/tex/generic/pgf/basiclayer/pgfcorepoints.code.
tex
File: pgfcorepoints.code.tex 2021/05/15 v3.1.9a (3.1.9a)
\pgf@picminx=\dimen177
\pgf@picmaxx=\dimen178
\pgf@picminy=\dimen179
\pgf@picmaxy=\dimen180
\pgf@pathminx=\dimen181
\pgf@pathmaxx=\dimen182
\pgf@pathminy=\dimen183
\pgf@pathmaxy=\dimen184
\pgf@xx=\dimen185
\pgf@xy=\dimen186
\pgf@yx=\dimen187
\pgf@yy=\dimen188
\pgf@zx=\dimen189
\pgf@zy=\dimen190
)
(/home/pacha/.TinyTeX/texmf-dist/tex/generic/pgf/basiclayer/pgfcorepathconstruc
t.code.tex
File: pgfcorepathconstruct.code.tex 2021/05/15 v3.1.9a (3.1.9a)
\pgf@path@lastx=\dimen191
\pgf@path@lasty=\dimen192
)
(/home/pacha/.TinyTeX/texmf-dist/tex/generic/pgf/basiclayer/pgfcorepathusage.co
de.tex
File: pgfcorepathusage.code.tex 2021/05/15 v3.1.9a (3.1.9a)
\pgf@shorten@end@additional=\dimen193
\pgf@shorten@start@additional=\dimen194
)
(/home/pacha/.TinyTeX/texmf-dist/tex/generic/pgf/basiclayer/pgfcorescopes.code.
tex
File: pgfcorescopes.code.tex 2021/05/15 v3.1.9a (3.1.9a)
\pgfpic=\box61
\pgf@hbox=\box62
\pgf@layerbox@main=\box63
\pgf@picture@serial@count=\count286
)
(/home/pacha/.TinyTeX/texmf-dist/tex/generic/pgf/basiclayer/pgfcoregraphicstate
.code.tex
File: pgfcoregraphicstate.code.tex 2021/05/15 v3.1.9a (3.1.9a)
\pgflinewidth=\dimen195
)
(/home/pacha/.TinyTeX/texmf-dist/tex/generic/pgf/basiclayer/pgfcoretransformati
ons.code.tex
File: pgfcoretransformations.code.tex 2021/05/15 v3.1.9a (3.1.9a)
\pgf@pt@x=\dimen196
\pgf@pt@y=\dimen197
\pgf@pt@temp=\dimen198
)
(/home/pacha/.TinyTeX/texmf-dist/tex/generic/pgf/basiclayer/pgfcorequick.code.t
ex
File: pgfcorequick.code.tex 2021/05/15 v3.1.9a (3.1.9a)
)
(/home/pacha/.TinyTeX/texmf-dist/tex/generic/pgf/basiclayer/pgfcoreobjects.code
.tex
File: pgfcoreobjects.code.tex 2021/05/15 v3.1.9a (3.1.9a)
)
(/home/pacha/.TinyTeX/texmf-dist/tex/generic/pgf/basiclayer/pgfcorepathprocessi
ng.code.tex
File: pgfcorepathprocessing.code.tex 2021/05/15 v3.1.9a (3.1.9a)
)
(/home/pacha/.TinyTeX/texmf-dist/tex/generic/pgf/basiclayer/pgfcorearrows.code.
tex
File: pgfcorearrows.code.tex 2021/05/15 v3.1.9a (3.1.9a)
\pgfarrowsep=\dimen199
)
(/home/pacha/.TinyTeX/texmf-dist/tex/generic/pgf/basiclayer/pgfcoreshade.code.t
ex
File: pgfcoreshade.code.tex 2021/05/15 v3.1.9a (3.1.9a)
\pgf@max=\dimen256
\pgf@sys@shading@range@num=\count287
\pgf@shadingcount=\count288
)
(/home/pacha/.TinyTeX/texmf-dist/tex/generic/pgf/basiclayer/pgfcoreimage.code.t
ex
File: pgfcoreimage.code.tex 2021/05/15 v3.1.9a (3.1.9a)

(/home/pacha/.TinyTeX/texmf-dist/tex/generic/pgf/basiclayer/pgfcoreexternal.cod
e.tex
File: pgfcoreexternal.code.tex 2021/05/15 v3.1.9a (3.1.9a)
\pgfexternal@startupbox=\box64
))
(/home/pacha/.TinyTeX/texmf-dist/tex/generic/pgf/basiclayer/pgfcorelayers.code.
tex
File: pgfcorelayers.code.tex 2021/05/15 v3.1.9a (3.1.9a)
)
(/home/pacha/.TinyTeX/texmf-dist/tex/generic/pgf/basiclayer/pgfcoretransparency
.code.tex
File: pgfcoretransparency.code.tex 2021/05/15 v3.1.9a (3.1.9a)
)
(/home/pacha/.TinyTeX/texmf-dist/tex/generic/pgf/basiclayer/pgfcorepatterns.cod
e.tex
File: pgfcorepatterns.code.tex 2021/05/15 v3.1.9a (3.1.9a)
)
(/home/pacha/.TinyTeX/texmf-dist/tex/generic/pgf/basiclayer/pgfcorerdf.code.tex
File: pgfcorerdf.code.tex 2021/05/15 v3.1.9a (3.1.9a)
))) (/home/pacha/.TinyTeX/texmf-dist/tex/latex/pgf/utilities/xxcolor.sty
Package: xxcolor 2003/10/24 ver 0.1
\XC@nummixins=\count289
\XC@countmixins=\count290
) (/home/pacha/.TinyTeX/texmf-dist/tex/latex/base/atbegshi-ltx.sty
Package: atbegshi-ltx 2021/01/10 v1.0c Emulation of the original atbegshi
package with kernel methods
) (/home/pacha/.TinyTeX/texmf-dist/tex/latex/hyperref/hyperref.sty
Package: hyperref 2021-06-07 v7.00m Hypertext links for LaTeX
(/home/pacha/.TinyTeX/texmf-dist/tex/generic/ltxcmds/ltxcmds.sty
Package: ltxcmds 2020-05-10 v1.25 LaTeX kernel commands for general use (HO)
) (/home/pacha/.TinyTeX/texmf-dist/tex/generic/pdftexcmds/pdftexcmds.sty
Package: pdftexcmds 2020-06-27 v0.33 Utility functions of pdfTeX for LuaTeX (HO
)
(/home/pacha/.TinyTeX/texmf-dist/tex/generic/infwarerr/infwarerr.sty
Package: infwarerr 2019/12/03 v1.5 Providing info/warning/error messages (HO)
)
Package pdftexcmds Info: \pdf@primitive is available.
Package pdftexcmds Info: \pdf@ifprimitive is available.
Package pdftexcmds Info: \pdfdraftmode found.
) (/home/pacha/.TinyTeX/texmf-dist/tex/generic/kvsetkeys/kvsetkeys.sty
Package: kvsetkeys 2019/12/15 v1.18 Key value parser (HO)
) (/home/pacha/.TinyTeX/texmf-dist/tex/generic/kvdefinekeys/kvdefinekeys.sty
Package: kvdefinekeys 2019-12-19 v1.6 Define keys (HO)
) (/home/pacha/.TinyTeX/texmf-dist/tex/generic/pdfescape/pdfescape.sty
Package: pdfescape 2019/12/09 v1.15 Implements pdfTeX's escape features (HO)
) (/home/pacha/.TinyTeX/texmf-dist/tex/latex/hycolor/hycolor.sty
Package: hycolor 2020-01-27 v1.10 Color options for hyperref/bookmark (HO)
) (/home/pacha/.TinyTeX/texmf-dist/tex/latex/letltxmacro/letltxmacro.sty
Package: letltxmacro 2019/12/03 v1.6 Let assignment for LaTeX macros (HO)
) (/home/pacha/.TinyTeX/texmf-dist/tex/latex/auxhook/auxhook.sty
Package: auxhook 2019-12-17 v1.6 Hooks for auxiliary files (HO)
) (/home/pacha/.TinyTeX/texmf-dist/tex/latex/kvoptions/kvoptions.sty
Package: kvoptions 2020-10-07 v3.14 Key value format for package options (HO)
)
\@linkdim=\dimen257
\Hy@linkcounter=\count291
\Hy@pagecounter=\count292
(/home/pacha/.TinyTeX/texmf-dist/tex/latex/hyperref/pd1enc.def
File: pd1enc.def 2021-06-07 v7.00m Hyperref: PDFDocEncoding definition (HO)
Now handling font encoding PD1 ...
... no UTF-8 mapping file for font encoding PD1
) (/home/pacha/.TinyTeX/texmf-dist/tex/latex/hyperref/hyperref-langpatches.def
File: hyperref-langpatches.def 2021-06-07 v7.00m Hyperref: patches for babel la
nguages
) (/home/pacha/.TinyTeX/texmf-dist/tex/generic/intcalc/intcalc.sty
Package: intcalc 2019/12/15 v1.3 Expandable calculations with integers (HO)
) (/home/pacha/.TinyTeX/texmf-dist/tex/generic/etexcmds/etexcmds.sty
Package: etexcmds 2019/12/15 v1.7 Avoid name clashes with e-TeX commands (HO)
)
\Hy@SavedSpaceFactor=\count293
(/home/pacha/.TinyTeX/texmf-dist/tex/latex/hyperref/puenc.def
File: puenc.def 2021-06-07 v7.00m Hyperref: PDF Unicode definition (HO)
Now handling font encoding PU ...
... no UTF-8 mapping file for font encoding PU
)
Package hyperref Info: Option `bookmarks' set `true' on input line 4073.
Package hyperref Info: Option `bookmarksopen' set `true' on input line 4073.
Package hyperref Info: Option `implicit' set `false' on input line 4073.
Package hyperref Info: Hyper figures OFF on input line 4192.
Package hyperref Info: Link nesting OFF on input line 4197.
Package hyperref Info: Hyper index ON on input line 4200.
Package hyperref Info: Plain pages OFF on input line 4207.
Package hyperref Info: Backreferencing OFF on input line 4212.
Package hyperref Info: Implicit mode OFF; no redefinition of LaTeX internals.
Package hyperref Info: Bookmarks ON on input line 4445.
\c@Hy@tempcnt=\count294
(/home/pacha/.TinyTeX/texmf-dist/tex/latex/url/url.sty
\Urlmuskip=\muskip16
Package: url 2013/09/16  ver 3.4  Verb mode for urls, etc.
)
LaTeX Info: Redefining \url on input line 4804.
\XeTeXLinkMargin=\dimen258
(/home/pacha/.TinyTeX/texmf-dist/tex/generic/bitset/bitset.sty
Package: bitset 2019/12/09 v1.3 Handle bit-vector datatype (HO)
(/home/pacha/.TinyTeX/texmf-dist/tex/generic/bigintcalc/bigintcalc.sty
Package: bigintcalc 2019/12/15 v1.5 Expandable calculations on big integers (HO
)
))
\Fld@menulength=\count295
\Field@Width=\dimen259
\Fld@charsize=\dimen260
Package hyperref Info: Hyper figures OFF on input line 6076.
Package hyperref Info: Link nesting OFF on input line 6081.
Package hyperref Info: Hyper index ON on input line 6084.
Package hyperref Info: backreferencing OFF on input line 6091.
Package hyperref Info: Link coloring OFF on input line 6096.
Package hyperref Info: Link coloring with OCG OFF on input line 6101.
Package hyperref Info: PDF/A mode OFF on input line 6106.
LaTeX Info: Redefining \ref on input line 6146.
LaTeX Info: Redefining \pageref on input line 6150.
\Hy@abspage=\count296

Package hyperref Message: Stopped early.

)
Package hyperref Info: Driver (autodetected): hpdftex.
(/home/pacha/.TinyTeX/texmf-dist/tex/latex/hyperref/hpdftex.def
File: hpdftex.def 2021-06-07 v7.00m Hyperref driver for pdfTeX
(/home/pacha/.TinyTeX/texmf-dist/tex/latex/base/atveryend-ltx.sty
Package: atveryend-ltx 2020/08/19 v1.0a Emulation of the original atvery packag
e
with kernel methods
)
\Fld@listcount=\count297
\c@bookmark@seq@number=\count298
(/home/pacha/.TinyTeX/texmf-dist/tex/latex/rerunfilecheck/rerunfilecheck.sty
Package: rerunfilecheck 2019/12/05 v1.9 Rerun checks for auxiliary files (HO)
(/home/pacha/.TinyTeX/texmf-dist/tex/generic/uniquecounter/uniquecounter.sty
Package: uniquecounter 2019/12/15 v1.4 Provide unlimited unique counter (HO)
)
Package uniquecounter Info: New unique counter `rerunfilecheck' on input line 2
86.
)) (/home/pacha/.TinyTeX/texmf-dist/tex/latex/beamer/beamerbaserequires.sty (/h
ome/pacha/.TinyTeX/texmf-dist/tex/latex/beamer/beamerbasecompatibility.sty) (/h
ome/pacha/.TinyTeX/texmf-dist/tex/latex/beamer/beamerbasefont.sty (/home/pacha/
.TinyTeX/texmf-dist/tex/latex/amsfonts/amssymb.sty
Package: amssymb 2013/01/14 v3.01 AMS font symbols
(/home/pacha/.TinyTeX/texmf-dist/tex/latex/amsfonts/amsfonts.sty
Package: amsfonts 2013/01/14 v3.01 Basic AMSFonts support
\@emptytoks=\toks28
\symAMSa=\mathgroup4
\symAMSb=\mathgroup5
LaTeX Font Info:    Redeclaring math symbol \hbar on input line 98.
LaTeX Font Info:    Overwriting math alphabet `\mathfrak' in version `bold'
(Font)                  U/euf/m/n --> U/euf/b/n on input line 106.
))) (/home/pacha/.TinyTeX/texmf-dist/tex/latex/beamer/beamerbasetranslator.sty 
(/home/pacha/.TinyTeX/texmf-dist/tex/latex/translator/translator.sty
Package: translator 2021-05-31 v1.12d Easy translation of strings in LaTeX
)) (/home/pacha/.TinyTeX/texmf-dist/tex/latex/beamer/beamerbasemisc.sty) (/home
/pacha/.TinyTeX/texmf-dist/tex/latex/beamer/beamerbasetwoscreens.sty) (/home/pa
cha/.TinyTeX/texmf-dist/tex/latex/beamer/beamerbaseoverlay.sty
\beamer@argscount=\count299
\beamer@lastskipcover=\skip50
\beamer@trivlistdepth=\count300
) (/home/pacha/.TinyTeX/texmf-dist/tex/latex/beamer/beamerbasetitle.sty) (/home
/pacha/.TinyTeX/texmf-dist/tex/latex/beamer/beamerbasesection.sty
\c@lecture=\count301
\c@part=\count302
\c@section=\count303
\c@subsection=\count304
\c@subsubsection=\count305
) (/home/pacha/.TinyTeX/texmf-dist/tex/latex/beamer/beamerbaseframe.sty
\beamer@framebox=\box65
\beamer@frametitlebox=\box66
\beamer@zoombox=\box67
\beamer@zoomcount=\count306
\beamer@zoomframecount=\count307
\beamer@frametextheight=\dimen261
\c@subsectionslide=\count308
\beamer@frametopskip=\skip51
\beamer@framebottomskip=\skip52
\beamer@frametopskipautobreak=\skip53
\beamer@framebottomskipautobreak=\skip54
\beamer@envbody=\toks29
\framewidth=\dimen262
\c@framenumber=\count309
) (/home/pacha/.TinyTeX/texmf-dist/tex/latex/beamer/beamerbaseverbatim.sty
\beamer@verbatimfileout=\write4
) (/home/pacha/.TinyTeX/texmf-dist/tex/latex/beamer/beamerbaseframesize.sty
\beamer@splitbox=\box68
\beamer@autobreakcount=\count310
\beamer@autobreaklastheight=\dimen263
\beamer@frametitletoks=\toks30
\beamer@framesubtitletoks=\toks31
)
(/home/pacha/.TinyTeX/texmf-dist/tex/latex/beamer/beamerbaseframecomponents.sty
\beamer@footins=\box69
) (/home/pacha/.TinyTeX/texmf-dist/tex/latex/beamer/beamerbasecolor.sty) (/home
/pacha/.TinyTeX/texmf-dist/tex/latex/beamer/beamerbasenotes.sty
\beamer@frameboxcopy=\box70
) (/home/pacha/.TinyTeX/texmf-dist/tex/latex/beamer/beamerbasetoc.sty) (/home/p
acha/.TinyTeX/texmf-dist/tex/latex/beamer/beamerbasetemplates.sty
\beamer@sbttoks=\toks32
(/home/pacha/.TinyTeX/texmf-dist/tex/latex/beamer/beamerbaseauxtemplates.sty (/
home/pacha/.TinyTeX/texmf-dist/tex/latex/beamer/beamerbaseboxes.sty
\bmb@box=\box71
\bmb@colorbox=\box72
\bmb@boxwidth=\dimen264
\bmb@boxheight=\dimen265
\bmb@prevheight=\dimen266
\bmb@temp=\dimen267
\bmb@dima=\dimen268
\bmb@dimb=\dimen269
\bmb@prevheight=\dimen270
)
\beamer@blockheadheight=\dimen271
)) (/home/pacha/.TinyTeX/texmf-dist/tex/latex/beamer/beamerbaselocalstructure.s
ty (/home/pacha/.TinyTeX/texmf-dist/tex/latex/tools/enumerate.sty
Package: enumerate 2015/07/23 v3.00 enumerate extensions (DPC)
\@enLab=\toks33
)
\beamer@bibiconwidth=\skip55
\c@figure=\count311
\c@table=\count312
\abovecaptionskip=\skip56
\belowcaptionskip=\skip57
) (/home/pacha/.TinyTeX/texmf-dist/tex/latex/beamer/beamerbasenavigation.sty
\beamer@section@min@dim=\dimen272
) (/home/pacha/.TinyTeX/texmf-dist/tex/latex/beamer/beamerbasetheorems.sty (/ho
me/pacha/.TinyTeX/texmf-dist/tex/latex/amsmath/amsmath.sty
Package: amsmath 2021/04/20 v2.17j AMS math features
\@mathmargin=\skip58
For additional information on amsmath, use the `?' option.
(/home/pacha/.TinyTeX/texmf-dist/tex/latex/amsmath/amstext.sty
Package: amstext 2000/06/29 v2.01 AMS text
(/home/pacha/.TinyTeX/texmf-dist/tex/latex/amsmath/amsgen.sty
File: amsgen.sty 1999/11/30 v2.0 generic functions
\@emptytoks=\toks34
\ex@=\dimen273
)) (/home/pacha/.TinyTeX/texmf-dist/tex/latex/amsmath/amsbsy.sty
Package: amsbsy 1999/11/29 v1.2d Bold Symbols
\pmbraise@=\dimen274
) (/home/pacha/.TinyTeX/texmf-dist/tex/latex/amsmath/amsopn.sty
Package: amsopn 2016/03/08 v2.02 operator names
)
\inf@bad=\count313
LaTeX Info: Redefining \frac on input line 234.
\uproot@=\count314
\leftroot@=\count315
LaTeX Info: Redefining \overline on input line 399.
\classnum@=\count316
\DOTSCASE@=\count317
LaTeX Info: Redefining \ldots on input line 496.
LaTeX Info: Redefining \dots on input line 499.
LaTeX Info: Redefining \cdots on input line 620.
\Mathstrutbox@=\box73
\strutbox@=\box74
\big@size=\dimen275
LaTeX Font Info:    Redeclaring font encoding OML on input line 743.
LaTeX Font Info:    Redeclaring font encoding OMS on input line 744.
\macc@depth=\count318
\c@MaxMatrixCols=\count319
\dotsspace@=\muskip17
\c@parentequation=\count320
\dspbrk@lvl=\count321
\tag@help=\toks35
\row@=\count322
\column@=\count323
\maxfields@=\count324
\andhelp@=\toks36
\eqnshift@=\dimen276
\alignsep@=\dimen277
\tagshift@=\dimen278
\tagwidth@=\dimen279
\totwidth@=\dimen280
\lineht@=\dimen281
\@envbody=\toks37
\multlinegap=\skip59
\multlinetaggap=\skip60
\mathdisplay@stack=\toks38
LaTeX Info: Redefining \[ on input line 2923.
LaTeX Info: Redefining \] on input line 2924.
) (/home/pacha/.TinyTeX/texmf-dist/tex/latex/amscls/amsthm.sty
Package: amsthm 2020/05/29 v2.20.6
\thm@style=\toks39
\thm@bodyfont=\toks40
\thm@headfont=\toks41
\thm@notefont=\toks42
\thm@headpunct=\toks43
\thm@preskip=\skip61
\thm@postskip=\skip62
\thm@headsep=\skip63
\dth@everypar=\toks44
)
\c@theorem=\count325
) (/home/pacha/.TinyTeX/texmf-dist/tex/latex/beamer/beamerbasethemes.sty)) (/ho
me/pacha/.TinyTeX/texmf-dist/tex/latex/beamer/beamerthemedefault.sty (/home/pac
ha/.TinyTeX/texmf-dist/tex/latex/beamer/beamerfontthemedefault.sty) (/home/pach
a/.TinyTeX/texmf-dist/tex/latex/beamer/beamercolorthemedefault.sty) (/home/pach
a/.TinyTeX/texmf-dist/tex/latex/beamer/beamerinnerthemedefault.sty
\beamer@dima=\dimen282
\beamer@dimb=\dimen283
) (/home/pacha/.TinyTeX/texmf-dist/tex/latex/beamer/beamerouterthemedefault.sty
)))
(/home/pacha/.TinyTeX/texmf-dist/tex/latex/beamertheme-metropolis/beamerthememe
tropolis.sty
Package: beamerthememetropolis 2017/01/23 v1.2 Metropolis Beamer theme
(/home/pacha/.TinyTeX/texmf-dist/tex/latex/pgfopts/pgfopts.sty
Package: pgfopts 2014/07/10 v2.1a LaTeX package options with pgfkeys
(/home/pacha/.TinyTeX/texmf-dist/tex/latex/pgf/utilities/pgfkeys.sty (/home/pac
ha/.TinyTeX/texmf-dist/tex/generic/pgf/utilities/pgfkeys.code.tex))
\pgfopts@list@add@a@toks=\toks45
\pgfopts@list@add@b@toks=\toks46
)
(/home/pacha/.TinyTeX/texmf-dist/tex/latex/beamertheme-metropolis/beamerinnerth
ememetropolis.sty
Package: beamerinnerthememetropolis 2017/01/23 Metropolis inner theme
(/home/pacha/.TinyTeX/texmf-dist/tex/latex/tools/calc.sty
Package: calc 2017/05/25 v4.3 Infix arithmetic (KKT,FJ)
\calc@Acount=\count326
\calc@Bcount=\count327
\calc@Adimen=\dimen284
\calc@Bdimen=\dimen285
\calc@Askip=\skip64
\calc@Bskip=\skip65
LaTeX Info: Redefining \setlength on input line 80.
LaTeX Info: Redefining \addtolength on input line 81.
\calc@Ccount=\count328
\calc@Cskip=\skip66
) (/home/pacha/.TinyTeX/texmf-dist/tex/latex/pgf/frontendlayer/tikz.sty (/home/
pacha/.TinyTeX/texmf-dist/tex/latex/pgf/basiclayer/pgf.sty
Package: pgf 2021/05/15 v3.1.9a (3.1.9a)

(/home/pacha/.TinyTeX/texmf-dist/tex/generic/pgf/modules/pgfmoduleshapes.code.t
ex
File: pgfmoduleshapes.code.tex 2021/05/15 v3.1.9a (3.1.9a)
\pgfnodeparttextbox=\box75
)
(/home/pacha/.TinyTeX/texmf-dist/tex/generic/pgf/modules/pgfmoduleplot.code.tex
File: pgfmoduleplot.code.tex 2021/05/15 v3.1.9a (3.1.9a)
)
(/home/pacha/.TinyTeX/texmf-dist/tex/latex/pgf/compatibility/pgfcomp-version-0-
65.sty
Package: pgfcomp-version-0-65 2021/05/15 v3.1.9a (3.1.9a)
\pgf@nodesepstart=\dimen286
\pgf@nodesepend=\dimen287
)
(/home/pacha/.TinyTeX/texmf-dist/tex/latex/pgf/compatibility/pgfcomp-version-1-
18.sty
Package: pgfcomp-version-1-18 2021/05/15 v3.1.9a (3.1.9a)
)) (/home/pacha/.TinyTeX/texmf-dist/tex/latex/pgf/utilities/pgffor.sty (/home/p
acha/.TinyTeX/texmf-dist/tex/latex/pgf/math/pgfmath.sty (/home/pacha/.TinyTeX/t
exmf-dist/tex/generic/pgf/math/pgfmath.code.tex)) (/home/pacha/.TinyTeX/texmf-d
ist/tex/generic/pgf/utilities/pgffor.code.tex
Package: pgffor 2021/05/15 v3.1.9a (3.1.9a)
(/home/pacha/.TinyTeX/texmf-dist/tex/generic/pgf/math/pgfmath.code.tex)
\pgffor@iter=\dimen288
\pgffor@skip=\dimen289
\pgffor@stack=\toks47
\pgffor@toks=\toks48
))
(/home/pacha/.TinyTeX/texmf-dist/tex/generic/pgf/frontendlayer/tikz/tikz.code.t
ex
Package: tikz 2021/05/15 v3.1.9a (3.1.9a)

(/home/pacha/.TinyTeX/texmf-dist/tex/generic/pgf/libraries/pgflibraryplothandle
rs.code.tex
File: pgflibraryplothandlers.code.tex 2021/05/15 v3.1.9a (3.1.9a)
\pgf@plot@mark@count=\count329
\pgfplotmarksize=\dimen290
)
\tikz@lastx=\dimen291
\tikz@lasty=\dimen292
\tikz@lastxsaved=\dimen293
\tikz@lastysaved=\dimen294
\tikz@lastmovetox=\dimen295
\tikz@lastmovetoy=\dimen296
\tikzleveldistance=\dimen297
\tikzsiblingdistance=\dimen298
\tikz@figbox=\box76
\tikz@figbox@bg=\box77
\tikz@tempbox=\box78
\tikz@tempbox@bg=\box79
\tikztreelevel=\count330
\tikznumberofchildren=\count331
\tikznumberofcurrentchild=\count332
\tikz@fig@count=\count333

(/home/pacha/.TinyTeX/texmf-dist/tex/generic/pgf/modules/pgfmodulematrix.code.t
ex
File: pgfmodulematrix.code.tex 2021/05/15 v3.1.9a (3.1.9a)
\pgfmatrixcurrentrow=\count334
\pgfmatrixcurrentcolumn=\count335
\pgf@matrix@numberofcolumns=\count336
)
\tikz@expandcount=\count337

(/home/pacha/.TinyTeX/texmf-dist/tex/generic/pgf/frontendlayer/tikz/libraries/t
ikzlibrarytopaths.code.tex
File: tikzlibrarytopaths.code.tex 2021/05/15 v3.1.9a (3.1.9a)
)))
\metropolis@titleseparator@linewidth=\skip67
\metropolis@progressonsectionpage=\skip68
\metropolis@progressonsectionpage@linewidth=\skip69
\metropolis@blocksep=\skip70
\metropolis@blockadjust=\skip71
\metropolis@parskip=\skip72
)
(/home/pacha/.TinyTeX/texmf-dist/tex/latex/beamertheme-metropolis/beamerouterth
ememetropolis.sty
Package: beamerouterthememetropolis 2017/01/23 Metropolis outer theme
\metropolis@frametitle@padding=\skip73
\metropolis@progressinheadfoot=\skip74
\metropolis@progressinheadfoot@linewidth=\skip75
)
(/home/pacha/.TinyTeX/texmf-dist/tex/latex/beamertheme-metropolis/beamercolorth
ememetropolis.sty
Package: beamercolorthememetropolis 2017/01/23 Metropolis color theme
)
(/home/pacha/.TinyTeX/texmf-dist/tex/latex/beamertheme-metropolis/beamerfontthe
memetropolis.sty
Package: beamerfontthememetropolis 2017/01/23 Metropolis font theme
(/home/pacha/.TinyTeX/texmf-dist/tex/generic/iftex/ifxetex.sty
Package: ifxetex 2019/10/25 v0.7 ifxetex legacy package. Use iftex instead.
) (/home/pacha/.TinyTeX/texmf-dist/tex/generic/iftex/ifluatex.sty
Package: ifluatex 2019/10/25 v1.5 ifluatex legacy package. Use iftex instead.
)

Package beamerthememetropolis Warning: You need to compile with XeLaTeX or LuaL
aTeX to use the Fira fonts on input line 95.

)) (/home/pacha/.TinyTeX/texmf-dist/tex/latex/base/fontenc.sty
Package: fontenc 2021/04/29 v2.0v Standard LaTeX package
) (/home/pacha/.TinyTeX/texmf-local/tex/latex/lucimatx/lucimatx.sty
Package: lucimatx 2005/11/28 1.0.1Lucida Bright/New Math font support (PCTeX In
c)
Package lucimatx Info: Nonlinear scaling (`lucidasmallscale') on input line 145
.
Package lucimatx Info: TeX math style on input line 231.
Now handling font encoding LMR ...
... no UTF-8 mapping file for font encoding LMR
LaTeX Font Info:    Redeclaring symbol font `letters' on input line 297.
LaTeX Font Info:    Overwriting symbol font `letters' in version `normal'
(Font)                  OML/cmm/m/it --> OML/hlcm/m/itx on input line 297.
LaTeX Font Info:    Overwriting symbol font `letters' in version `bold'
(Font)                  OML/cmm/b/it --> OML/hlcm/m/itx on input line 297.
\symupright=\mathgroup6
LaTeX Font Info:    Redeclaring symbol font `symbols' on input line 299.
LaTeX Font Info:    Overwriting symbol font `symbols' in version `normal'
(Font)                  OMS/cmsy/m/n --> OMS/hlcy/m/n on input line 299.
LaTeX Font Info:    Overwriting symbol font `symbols' in version `bold'
(Font)                  OMS/cmsy/b/n --> OMS/hlcy/m/n on input line 299.
LaTeX Font Info:    Redeclaring symbol font `largesymbols' on input line 300.
LaTeX Font Info:    Overwriting symbol font `largesymbols' in version `normal'
(Font)                  OMX/cmex/m/n --> OMX/hlcv/m/n on input line 300.
LaTeX Font Info:    Overwriting symbol font `largesymbols' in version `bold'
(Font)                  OMX/cmex/m/n --> OMX/hlcv/m/n on input line 300.
LaTeX Font Info:    Overwriting symbol font `letters' in version `bold'
(Font)                  OML/hlcm/m/itx --> OML/hlcm/b/itx on input line 301.
LaTeX Font Info:    Overwriting symbol font `upright' in version `bold'
(Font)                  OML/hlcm/m/n --> OML/hlcm/b/n on input line 302.
LaTeX Font Info:    Overwriting symbol font `symbols' in version `bold'
(Font)                  OMS/hlcy/m/n --> OMS/hlcy/b/n on input line 303.
\symarrows=\mathgroup7
LaTeX Font Info:    Overwriting symbol font `arrows' in version `bold'
(Font)                  LMR/hlcm/m/n --> LMR/hlcm/b/n on input line 305.
LaTeX Font Info:    Redeclaring symbol font `operators' on input line 306.
LaTeX Font Info:    Encoding `OT1' has changed to `T1' for symbol font
(Font)              `operators' in the math version `normal' on input line 306.

LaTeX Font Info:    Overwriting symbol font `operators' in version `normal'
(Font)                  OT1/cmr/m/n --> T1/hlh/m/n on input line 306.
LaTeX Font Info:    Encoding `OT1' has changed to `T1' for symbol font
(Font)              `operators' in the math version `bold' on input line 306.
LaTeX Font Info:    Overwriting symbol font `operators' in version `bold'
(Font)                  OT1/cmr/bx/n --> T1/hlh/m/n on input line 306.
LaTeX Font Info:    Overwriting symbol font `operators' in version `bold'
(Font)                  T1/hlh/m/n --> T1/hlh/b/n on input line 307.
LaTeX Font Info:    Redeclaring math alphabet \mathbf on input line 308.
LaTeX Font Info:    Overwriting math alphabet `\mathbf' in version `normal'
(Font)                  OT1/cmr/bx/n --> T1/hlh/b/n on input line 308.
LaTeX Font Info:    Overwriting math alphabet `\mathbf' in version `bold'
(Font)                  OT1/cmr/bx/n --> T1/hlh/b/n on input line 308.
LaTeX Font Info:    Redeclaring math alphabet \mathrm on input line 310.
LaTeX Font Info:    Redeclaring math alphabet \mathsf on input line 311.
LaTeX Font Info:    Overwriting math alphabet `\mathsf' in version `normal'
(Font)                  OT1/cmss/m/n --> T1/hls/m/n on input line 311.
LaTeX Font Info:    Overwriting math alphabet `\mathsf' in version `bold'
(Font)                  OT1/cmss/bx/n --> T1/hls/m/n on input line 311.
LaTeX Font Info:    Redeclaring math alphabet \mathit on input line 312.
LaTeX Font Info:    Overwriting math alphabet `\mathit' in version `normal'
(Font)                  OT1/cmr/m/it --> T1/hlh/m/it on input line 312.
LaTeX Font Info:    Overwriting math alphabet `\mathit' in version `bold'
(Font)                  OT1/cmr/bx/it --> T1/hlh/m/it on input line 312.
LaTeX Font Info:    Redeclaring math alphabet \mathtt on input line 313.
LaTeX Font Info:    Overwriting math alphabet `\mathtt' in version `normal'
(Font)                  OT1/cmtt/m/n --> T1/hlst/m/n on input line 313.
LaTeX Font Info:    Overwriting math alphabet `\mathtt' in version `bold'
(Font)                  OT1/cmtt/m/n --> T1/hlst/m/n on input line 313.
LaTeX Font Info:    Redeclaring math alphabet \mathfrak on input line 314.
LaTeX Font Info:    Overwriting math alphabet `\mathfrak' in version `normal'
(Font)                  U/euf/m/n --> T1/hlcf/m/n on input line 314.
LaTeX Font Info:    Overwriting math alphabet `\mathfrak' in version `bold'
(Font)                  U/euf/b/n --> T1/hlcf/m/n on input line 314.
LaTeX Font Info:    Overwriting math alphabet `\mathsf' in version `bold'
(Font)                  T1/hls/m/n --> T1/hls/b/n on input line 315.
LaTeX Font Info:    Overwriting math alphabet `\mathrm' in version `bold'
(Font)                  T1/hlh/m/n --> T1/hlh/b/n on input line 316.
LaTeX Font Info:    Overwriting math alphabet `\mathit' in version `bold'
(Font)                  T1/hlh/m/it --> T1/hlh/b/it on input line 317.
LaTeX Font Info:    Overwriting math alphabet `\mathtt' in version `bold'
(Font)                  T1/hlst/m/n --> T1/hlst/b/n on input line 318.
LaTeX Font Info:    Redeclaring math accent \acute on input line 335.
LaTeX Font Info:    Redeclaring math accent \grave on input line 336.
LaTeX Font Info:    Redeclaring math accent \ddot on input line 337.
LaTeX Font Info:    Redeclaring math accent \tilde on input line 338.
LaTeX Font Info:    Redeclaring math accent \bar on input line 339.
LaTeX Font Info:    Redeclaring math accent \breve on input line 340.
LaTeX Font Info:    Redeclaring math accent \check on input line 341.
LaTeX Font Info:    Redeclaring math accent \hat on input line 342.
LaTeX Font Info:    Redeclaring math accent \dot on input line 343.
LaTeX Font Info:    Redeclaring math accent \mathring on input line 344.
LaTeX Font Info:    Redeclaring math symbol \leftrightharpoons on input line 55
5.
LaTeX Font Info:    Redeclaring math symbol \boxdot on input line 571.
LaTeX Font Info:    Redeclaring math symbol \boxplus on input line 572.
LaTeX Font Info:    Redeclaring math symbol \boxtimes on input line 573.
LaTeX Font Info:    Redeclaring math symbol \square on input line 574.
LaTeX Font Info:    Redeclaring math symbol \blacksquare on input line 575.
LaTeX Font Info:    Redeclaring math symbol \centerdot on input line 576.
LaTeX Font Info:    Redeclaring math symbol \lozenge on input line 577.
LaTeX Font Info:    Redeclaring math symbol \blacklozenge on input line 578.
LaTeX Font Info:    Redeclaring math symbol \circlearrowright on input line 579
.
LaTeX Font Info:    Redeclaring math symbol \circlearrowleft on input line 580.

LaTeX Font Info:    Redeclaring math symbol \rightleftharpoons on input line 58
1.
LaTeX Font Info:    Redeclaring math symbol \leftrightharpoons on input line 58
2.
LaTeX Font Info:    Redeclaring math symbol \boxminus on input line 583.
LaTeX Font Info:    Redeclaring math symbol \Vdash on input line 584.
LaTeX Font Info:    Redeclaring math symbol \Vvdash on input line 585.
LaTeX Font Info:    Redeclaring math symbol \vDash on input line 586.
LaTeX Font Info:    Redeclaring math symbol \twoheadrightarrow on input line 58
7.
LaTeX Font Info:    Redeclaring math symbol \twoheadleftarrow on input line 588
.
LaTeX Font Info:    Redeclaring math symbol \leftleftarrows on input line 589.
LaTeX Font Info:    Redeclaring math symbol \rightrightarrows on input line 590
.
LaTeX Font Info:    Redeclaring math symbol \upuparrows on input line 591.
LaTeX Font Info:    Redeclaring math symbol \downdownarrows on input line 592.
LaTeX Font Info:    Redeclaring math symbol \upharpoonright on input line 593.
LaTeX Font Info:    Redeclaring math symbol \downharpoonright on input line 594
.
LaTeX Font Info:    Redeclaring math symbol \upharpoonleft on input line 595.
LaTeX Font Info:    Redeclaring math symbol \downharpoonleft on input line 596.

LaTeX Font Info:    Redeclaring math symbol \rightarrowtail on input line 597.
LaTeX Font Info:    Redeclaring math symbol \leftarrowtail on input line 598.
LaTeX Font Info:    Redeclaring math symbol \leftrightarrows on input line 599.

LaTeX Font Info:    Redeclaring math symbol \rightleftarrows on input line 600.

LaTeX Font Info:    Redeclaring math symbol \Lsh on input line 601.
LaTeX Font Info:    Redeclaring math symbol \Rsh on input line 602.
LaTeX Font Info:    Redeclaring math symbol \rightsquigarrow on input line 603.

LaTeX Font Info:    Redeclaring math symbol \leftrightsquigarrow on input line 
604.
LaTeX Font Info:    Redeclaring math symbol \looparrowleft on input line 605.
LaTeX Font Info:    Redeclaring math symbol \looparrowright on input line 606.
LaTeX Font Info:    Redeclaring math symbol \circeq on input line 607.
LaTeX Font Info:    Redeclaring math symbol \succsim on input line 608.
LaTeX Font Info:    Redeclaring math symbol \gtrsim on input line 609.
LaTeX Font Info:    Redeclaring math symbol \gtrapprox on input line 610.
LaTeX Font Info:    Redeclaring math symbol \multimap on input line 611.
LaTeX Font Info:    Redeclaring math symbol \therefore on input line 612.
LaTeX Font Info:    Redeclaring math symbol \because on input line 613.
LaTeX Font Info:    Redeclaring math symbol \doteqdot on input line 614.
LaTeX Font Info:    Redeclaring math symbol \triangleq on input line 615.
LaTeX Font Info:    Redeclaring math symbol \precsim on input line 616.
LaTeX Font Info:    Redeclaring math symbol \lesssim on input line 617.
LaTeX Font Info:    Redeclaring math symbol \lessapprox on input line 618.
LaTeX Font Info:    Redeclaring math symbol \eqslantless on input line 619.
LaTeX Font Info:    Redeclaring math symbol \eqslantgtr on input line 620.
LaTeX Font Info:    Redeclaring math symbol \curlyeqprec on input line 621.
LaTeX Font Info:    Redeclaring math symbol \curlyeqsucc on input line 622.
LaTeX Font Info:    Redeclaring math symbol \preccurlyeq on input line 623.
LaTeX Font Info:    Redeclaring math symbol \leqq on input line 624.
LaTeX Font Info:    Redeclaring math symbol \leqslant on input line 625.
LaTeX Font Info:    Redeclaring math symbol \lessgtr on input line 626.
LaTeX Font Info:    Redeclaring math symbol \backprime on input line 627.
LaTeX Font Info:    Redeclaring math symbol \risingdotseq on input line 628.
LaTeX Font Info:    Redeclaring math symbol \fallingdotseq on input line 629.
LaTeX Font Info:    Redeclaring math symbol \succcurlyeq on input line 630.
LaTeX Font Info:    Redeclaring math symbol \geqq on input line 631.
LaTeX Font Info:    Redeclaring math symbol \geqslant on input line 632.
LaTeX Font Info:    Redeclaring math symbol \gtrless on input line 633.
LaTeX Font Info:    Redeclaring math symbol \vartriangleright on input line 636
.
LaTeX Font Info:    Redeclaring math symbol \vartriangleleft on input line 637.

LaTeX Font Info:    Redeclaring math symbol \trianglerighteq on input line 638.

LaTeX Font Info:    Redeclaring math symbol \trianglelefteq on input line 639.
LaTeX Font Info:    Redeclaring math symbol \bigstar on input line 640.
LaTeX Font Info:    Redeclaring math symbol \between on input line 641.
LaTeX Font Info:    Redeclaring math symbol \blacktriangledown on input line 64
2.
LaTeX Font Info:    Redeclaring math symbol \blacktriangleright on input line 6
43.
LaTeX Font Info:    Redeclaring math symbol \blacktriangleleft on input line 64
4.
LaTeX Font Info:    Redeclaring math symbol \vartriangle on input line 645.
LaTeX Font Info:    Redeclaring math symbol \blacktriangle on input line 646.
LaTeX Font Info:    Redeclaring math symbol \triangledown on input line 647.
LaTeX Font Info:    Redeclaring math symbol \eqcirc on input line 648.
LaTeX Font Info:    Redeclaring math symbol \lesseqgtr on input line 649.
LaTeX Font Info:    Redeclaring math symbol \gtreqless on input line 650.
LaTeX Font Info:    Redeclaring math symbol \lesseqqgtr on input line 651.
LaTeX Font Info:    Redeclaring math symbol \gtreqqless on input line 652.
LaTeX Font Info:    Redeclaring math symbol \Rrightarrow on input line 653.
LaTeX Font Info:    Redeclaring math symbol \Lleftarrow on input line 654.
LaTeX Font Info:    Redeclaring math symbol \veebar on input line 655.
LaTeX Font Info:    Redeclaring math symbol \barwedge on input line 656.
LaTeX Font Info:    Redeclaring math symbol \doublebarwedge on input line 657.
LaTeX Font Info:    Redeclaring math symbol \angle on input line 658.
LaTeX Font Info:    Redeclaring math symbol \measuredangle on input line 659.
LaTeX Font Info:    Redeclaring math symbol \sphericalangle on input line 660.
LaTeX Font Info:    Redeclaring math symbol \varpropto on input line 661.
LaTeX Font Info:    Redeclaring math symbol \smallsmile on input line 662.
LaTeX Font Info:    Redeclaring math symbol \smallfrown on input line 663.
LaTeX Font Info:    Redeclaring math symbol \Subset on input line 664.
LaTeX Font Info:    Redeclaring math symbol \Supset on input line 665.
LaTeX Font Info:    Redeclaring math symbol \Cup on input line 666.
LaTeX Font Info:    Redeclaring math symbol \Cap on input line 667.
LaTeX Font Info:    Redeclaring math symbol \curlywedge on input line 668.
LaTeX Font Info:    Redeclaring math symbol \curlyvee on input line 669.
LaTeX Font Info:    Redeclaring math symbol \leftthreetimes on input line 670.
LaTeX Font Info:    Redeclaring math symbol \rightthreetimes on input line 671.

LaTeX Font Info:    Redeclaring math symbol \subseteqq on input line 672.
LaTeX Font Info:    Redeclaring math symbol \supseteqq on input line 673.
LaTeX Font Info:    Redeclaring math symbol \bumpeq on input line 674.
LaTeX Font Info:    Redeclaring math symbol \Bumpeq on input line 675.
LaTeX Font Info:    Redeclaring math symbol \lll on input line 676.
LaTeX Font Info:    Redeclaring math symbol \ggg on input line 677.
LaTeX Font Info:    Redeclaring math symbol \circledS on input line 678.
LaTeX Font Info:    Redeclaring math symbol \pitchfork on input line 679.
LaTeX Font Info:    Redeclaring math symbol \dotplus on input line 680.
LaTeX Font Info:    Redeclaring math symbol \backsim on input line 681.
LaTeX Font Info:    Redeclaring math symbol \backsimeq on input line 682.
LaTeX Font Info:    Redeclaring math symbol \complement on input line 683.
LaTeX Font Info:    Redeclaring math symbol \intercal on input line 684.
LaTeX Font Info:    Redeclaring math symbol \circledcirc on input line 685.
LaTeX Font Info:    Redeclaring math symbol \circledast on input line 686.
LaTeX Font Info:    Redeclaring math symbol \circleddash on input line 687.
LaTeX Font Info:    Redeclaring math symbol \dashrightarrow on input line 688.
LaTeX Font Info:    Redeclaring math symbol \dashleftarrow on input line 689.
LaTeX Font Info:    Redeclaring math delimiter \ulcorner on input line 691.
LaTeX Font Info:    Redeclaring math delimiter \urcorner on input line 692.
LaTeX Font Info:    Redeclaring math delimiter \llcorner on input line 693.
LaTeX Font Info:    Redeclaring math delimiter \lrcorner on input line 694.
LaTeX Font Info:    Redeclaring math symbol \lvertneqq on input line 698.
LaTeX Font Info:    Redeclaring math symbol \gvertneqq on input line 699.
LaTeX Font Info:    Redeclaring math symbol \nleq on input line 700.
LaTeX Font Info:    Redeclaring math symbol \ngeq on input line 701.
LaTeX Font Info:    Redeclaring math symbol \nless on input line 702.
LaTeX Font Info:    Redeclaring math symbol \ngtr on input line 703.
LaTeX Font Info:    Redeclaring math symbol \nprec on input line 704.
LaTeX Font Info:    Redeclaring math symbol \nsucc on input line 705.
LaTeX Font Info:    Redeclaring math symbol \lneqq on input line 706.
LaTeX Font Info:    Redeclaring math symbol \gneqq on input line 707.
LaTeX Font Info:    Redeclaring math symbol \nleqslant on input line 708.
LaTeX Font Info:    Redeclaring math symbol \ngeqslant on input line 709.
LaTeX Font Info:    Redeclaring math symbol \lneq on input line 710.
LaTeX Font Info:    Redeclaring math symbol \gneq on input line 711.
LaTeX Font Info:    Redeclaring math symbol \npreceq on input line 712.
LaTeX Font Info:    Redeclaring math symbol \nsucceq on input line 713.
LaTeX Font Info:    Redeclaring math symbol \precnsim on input line 714.
LaTeX Font Info:    Redeclaring math symbol \succnsim on input line 715.
LaTeX Font Info:    Redeclaring math symbol \lnsim on input line 716.
LaTeX Font Info:    Redeclaring math symbol \gnsim on input line 717.
LaTeX Font Info:    Redeclaring math symbol \nleqq on input line 718.
LaTeX Font Info:    Redeclaring math symbol \ngeqq on input line 719.
LaTeX Font Info:    Redeclaring math symbol \precneqq on input line 720.
LaTeX Font Info:    Redeclaring math symbol \succneqq on input line 721.
LaTeX Font Info:    Redeclaring math symbol \precnapprox on input line 722.
LaTeX Font Info:    Redeclaring math symbol \succnapprox on input line 723.
LaTeX Font Info:    Redeclaring math symbol \lnapprox on input line 724.
LaTeX Font Info:    Redeclaring math symbol \gnapprox on input line 725.
LaTeX Font Info:    Redeclaring math symbol \nsim on input line 726.
LaTeX Font Info:    Redeclaring math symbol \ncong on input line 727.
LaTeX Font Info:    Redeclaring math symbol \diagup on input line 728.
LaTeX Font Info:    Redeclaring math symbol \diagdown on input line 729.
LaTeX Font Info:    Redeclaring math symbol \varsubsetneq on input line 730.
LaTeX Font Info:    Redeclaring math symbol \varsupsetneq on input line 731.
LaTeX Font Info:    Redeclaring math symbol \nsubseteqq on input line 732.
LaTeX Font Info:    Redeclaring math symbol \nsupseteqq on input line 733.
LaTeX Font Info:    Redeclaring math symbol \subsetneqq on input line 734.
LaTeX Font Info:    Redeclaring math symbol \supsetneqq on input line 735.
LaTeX Font Info:    Redeclaring math symbol \varsubsetneqq on input line 736.
LaTeX Font Info:    Redeclaring math symbol \varsupsetneqq on input line 737.
LaTeX Font Info:    Redeclaring math symbol \subsetneq on input line 738.
LaTeX Font Info:    Redeclaring math symbol \supsetneq on input line 739.
LaTeX Font Info:    Redeclaring math symbol \nsubseteq on input line 740.
LaTeX Font Info:    Redeclaring math symbol \nsupseteq on input line 741.
LaTeX Font Info:    Redeclaring math symbol \nparallel on input line 742.
LaTeX Font Info:    Redeclaring math symbol \nmid on input line 743.
LaTeX Font Info:    Redeclaring math symbol \nshortmid on input line 744.
LaTeX Font Info:    Redeclaring math symbol \nshortparallel on input line 745.
LaTeX Font Info:    Redeclaring math symbol \nvdash on input line 746.
LaTeX Font Info:    Redeclaring math symbol \nVdash on input line 747.
LaTeX Font Info:    Redeclaring math symbol \nvDash on input line 748.
LaTeX Font Info:    Redeclaring math symbol \nVDash on input line 749.
LaTeX Font Info:    Redeclaring math symbol \ntrianglerighteq on input line 750
.
LaTeX Font Info:    Redeclaring math symbol \ntrianglelefteq on input line 751.

LaTeX Font Info:    Redeclaring math symbol \ntriangleleft on input line 752.
LaTeX Font Info:    Redeclaring math symbol \ntriangleright on input line 753.
LaTeX Font Info:    Redeclaring math symbol \nleftarrow on input line 754.
LaTeX Font Info:    Redeclaring math symbol \nrightarrow on input line 755.
LaTeX Font Info:    Redeclaring math symbol \nLeftarrow on input line 756.
LaTeX Font Info:    Redeclaring math symbol \nRightarrow on input line 757.
LaTeX Font Info:    Redeclaring math symbol \nLeftrightarrow on input line 758.

LaTeX Font Info:    Redeclaring math symbol \nleftrightarrow on input line 759.

LaTeX Font Info:    Redeclaring math symbol \divideontimes on input line 760.
LaTeX Font Info:    Redeclaring math symbol \emptyset on input line 761.
LaTeX Font Info:    Redeclaring math symbol \varnothing on input line 762.
LaTeX Font Info:    Redeclaring math symbol \nexists on input line 763.
LaTeX Font Info:    Redeclaring math symbol \Finv on input line 764.
LaTeX Font Info:    Redeclaring math symbol \Game on input line 765.
LaTeX Font Info:    Redeclaring math symbol \eth on input line 766.
LaTeX Font Info:    Redeclaring math symbol \eqsim on input line 767.
LaTeX Font Info:    Redeclaring math symbol \beth on input line 768.
LaTeX Font Info:    Redeclaring math symbol \gimel on input line 769.
LaTeX Font Info:    Redeclaring math symbol \daleth on input line 770.
LaTeX Font Info:    Redeclaring math symbol \lessdot on input line 771.
LaTeX Font Info:    Redeclaring math symbol \gtrdot on input line 772.
LaTeX Font Info:    Redeclaring math symbol \ltimes on input line 773.
LaTeX Font Info:    Redeclaring math symbol \rtimes on input line 774.
LaTeX Font Info:    Redeclaring math symbol \shortmid on input line 775.
LaTeX Font Info:    Redeclaring math symbol \shortparallel on input line 776.
LaTeX Font Info:    Redeclaring math symbol \smallsetminus on input line 777.
LaTeX Font Info:    Redeclaring math symbol \thicksim on input line 778.
LaTeX Font Info:    Redeclaring math symbol \thickapprox on input line 779.
LaTeX Font Info:    Redeclaring math symbol \approxeq on input line 780.
LaTeX Font Info:    Redeclaring math symbol \succapprox on input line 781.
LaTeX Font Info:    Redeclaring math symbol \precapprox on input line 782.
LaTeX Font Info:    Redeclaring math symbol \curvearrowleft on input line 783.
LaTeX Font Info:    Redeclaring math symbol \curvearrowright on input line 784.

LaTeX Font Info:    Redeclaring math symbol \varkappa on input line 785.
LaTeX Font Info:    Redeclaring math symbol \Bbbk on input line 786.
LaTeX Font Info:    Redeclaring math symbol \hslash on input line 787.
LaTeX Font Info:    Redeclaring math symbol \hbar on input line 788.
LaTeX Font Info:    Redeclaring math symbol \backepsilon on input line 789.
LaTeX Info: Redefining \yen on input line 807.
LaTeX Font Info:    Redeclaring math symbol \mathsterling on input line 815.
) (../tex/varsityblueslists.sty) (../tex/varsitybluesshortcuts.sty
\@normbarht=\skip76
\@normarght=\skip77
\notwd=\skip78
\implieswd=\skip79
LaTeX Font Info:    Trying to load font information for T1+hlh on input line 21
7.
(/home/pacha/.TinyTeX/texmf-local/tex/latex/lucida/t1hlh.fd
File: t1hlh.fd 2005/09/15 font definitions for T1/hlh (WaS/PCTeX/TUG)
)
LaTeX Font Info:    Font shape `T1/hlh/m/n' will be
(Font)              scaled to size 9.74548pt on input line 217.
LaTeX Font Info:    Font shape `T1/hlh/m/n' will be
(Font)              scaled to size 7.35999pt on input line 217.
LaTeX Font Info:    Font shape `T1/hlh/m/n' will be
(Font)              scaled to size 5.76004pt on input line 217.
LaTeX Font Info:    Font shape `OML/hlcm/m/itx' will be
(Font)              scaled to size 9.74548pt on input line 217.
LaTeX Font Info:    Font shape `OML/hlcm/m/itx' will be
(Font)              scaled to size 7.35999pt on input line 217.
LaTeX Font Info:    Font shape `OML/hlcm/m/itx' will be
(Font)              scaled to size 5.76004pt on input line 217.
LaTeX Font Info:    Font shape `OMS/hlcy/m/n' will be
(Font)              scaled to size 9.74548pt on input line 217.
LaTeX Font Info:    Font shape `OMS/hlcy/m/n' will be
(Font)              scaled to size 7.35999pt on input line 217.
LaTeX Font Info:    Font shape `OMS/hlcy/m/n' will be
(Font)              scaled to size 5.76004pt on input line 217.
LaTeX Font Info:    Font shape `OMX/hlcv/m/n' will be
(Font)              scaled to size 9.74548pt on input line 217.
LaTeX Font Info:    Font shape `OMX/hlcv/m/n' will be
(Font)              scaled to size 7.35999pt on input line 217.
LaTeX Font Info:    Font shape `OMX/hlcv/m/n' will be
(Font)              scaled to size 5.76004pt on input line 217.
LaTeX Font Info:    Trying to load font information for U+msa on input line 217
.
(/home/pacha/.TinyTeX/texmf-dist/tex/latex/amsfonts/umsa.fd
File: umsa.fd 2013/01/14 v3.01 AMS symbols A
)
LaTeX Font Info:    Trying to load font information for U+msb on input line 217
.
(/home/pacha/.TinyTeX/texmf-dist/tex/latex/amsfonts/umsb.fd
File: umsb.fd 2013/01/14 v3.01 AMS symbols B
)
LaTeX Font Info:    Font shape `OML/hlcm/m/n' will be
(Font)              scaled to size 9.74548pt on input line 217.
LaTeX Font Info:    Font shape `OML/hlcm/m/n' will be
(Font)              scaled to size 7.35999pt on input line 217.
LaTeX Font Info:    Font shape `OML/hlcm/m/n' will be
(Font)              scaled to size 5.76004pt on input line 217.
LaTeX Font Info:    Font shape `LMR/hlcm/m/n' will be
(Font)              scaled to size 9.74548pt on input line 217.
LaTeX Font Info:    Font shape `LMR/hlcm/m/n' will be
(Font)              scaled to size 7.35999pt on input line 217.
LaTeX Font Info:    Font shape `LMR/hlcm/m/n' will be
(Font)              scaled to size 5.76004pt on input line 217.
) (../tex/varsitybluesmatrix.sty

LaTeX Warning: You have requested package `../tex/varsitybluesmatrix',
               but the package provides `varsitybluesmatrix'.

Package: varsitybluesmatrix Varsity Blues bordered matrix with brackets
\vbcolsep=\skip80
\vbrowsep=\skip81
\br@kwd=\skip82
\k@bordht=\skip83
)
\cslhangindent=\skip84
\@indexfile=\write5
\openout5 = `presentation1.idx'.

Writing index file presentation1.idx
(/home/pacha/.TinyTeX/texmf-dist/tex/latex/fancyvrb/fancyvrb.sty
Package: fancyvrb 2021/08/12 v3.8 verbatim text (tvz,hv)
\FV@CodeLineNo=\count338
\FV@InFile=\read3
\FV@TabBox=\box80
\c@FancyVerbLine=\count339
\FV@StepNumber=\count340
\FV@OutFile=\write6
) (/home/pacha/.TinyTeX/texmf-dist/tex/latex/framed/framed.sty
Package: framed 2011/10/22 v 0.96: framed or shaded text with page breaks
\OuterFrameSep=\skip85
\fb@frw=\dimen299
\fb@frh=\dimen300
\FrameRule=\dimen301
\FrameSep=\dimen302
)
LaTeX Font Info:    Trying to load font information for T1+hls on input line 68
.
(/home/pacha/.TinyTeX/texmf-local/tex/latex/lucida/t1hls.fd
File: t1hls.fd 2005/09/15 font definitions for T1/hls (WaS/PCTeX/TUG)
)
LaTeX Font Info:    Font shape `T1/hls/m/n' will be
(Font)              scaled to size 9.74548pt on input line 68.
(/home/pacha/.TinyTeX/texmf-dist/tex/latex/l3backend/l3backend-pdftex.def
File: l3backend-pdftex.def 2021-08-04 L3 backend support: PDF output (pdfTeX)
\l__color_backend_stack_int=\count341
\l__pdf_internal_box=\box81
) (./presentation1.aux)
\openout1 = `presentation1.aux'.

LaTeX Font Info:    Checking defaults for OML/cmm/m/it on input line 68.
LaTeX Font Info:    ... okay on input line 68.
LaTeX Font Info:    Checking defaults for OMS/cmsy/m/n on input line 68.
LaTeX Font Info:    ... okay on input line 68.
LaTeX Font Info:    Checking defaults for OT1/cmr/m/n on input line 68.
LaTeX Font Info:    ... okay on input line 68.
LaTeX Font Info:    Checking defaults for T1/cmr/m/n on input line 68.
LaTeX Font Info:    ... okay on input line 68.
LaTeX Font Info:    Checking defaults for TS1/cmr/m/n on input line 68.
LaTeX Font Info:    ... okay on input line 68.
LaTeX Font Info:    Checking defaults for OMX/cmex/m/n on input line 68.
LaTeX Font Info:    ... okay on input line 68.
LaTeX Font Info:    Checking defaults for U/cmr/m/n on input line 68.
LaTeX Font Info:    ... okay on input line 68.
LaTeX Font Info:    Checking defaults for PD1/pdf/m/n on input line 68.
LaTeX Font Info:    ... okay on input line 68.
LaTeX Font Info:    Checking defaults for PU/pdf/m/n on input line 68.
LaTeX Font Info:    ... okay on input line 68.
LaTeX Font Info:    Checking defaults for LMR/hlcm/m/n on input line 68.
LaTeX Font Info:    ... okay on input line 68.
*geometry* driver: auto-detecting
*geometry* detected driver: pdftex
*geometry* verbose mode - [ preamble ] result:
* driver: pdftex
* paper: custom
* layout: <same size as paper>
* layoutoffset:(h,v)=(0.0pt,0.0pt)
* modes: includehead includefoot 
* h-part:(L,W,R)=(28.45274pt, 307.28987pt, 28.45274pt)
* v-part:(T,H,B)=(0.0pt, 273.14662pt, 0.0pt)
* \paperwidth=364.19536pt
* \paperheight=273.14662pt
* \textwidth=307.28987pt
* \textheight=244.6939pt
* \oddsidemargin=-43.81725pt
* \evensidemargin=-43.81725pt
* \topmargin=-72.26999pt
* \headheight=14.22636pt
* \headsep=0.0pt
* \topskip=11.0pt
* \footskip=14.22636pt
* \marginparwidth=4.0pt
* \marginparsep=10.0pt
* \columnsep=10.0pt
* \skip\footins=10.0pt plus 4.0pt minus 2.0pt
* \hoffset=0.0pt
* \voffset=0.0pt
* \mag=1000
* \@twocolumnfalse
* \@twosidefalse
* \@mparswitchfalse
* \@reversemarginfalse
* (1in=72.27pt=25.4mm, 1cm=28.453pt)

(/home/pacha/.TinyTeX/texmf-dist/tex/latex/epstopdf-pkg/epstopdf-base.sty
Package: epstopdf-base 2020-01-24 v2.11 Base part for package epstopdf
Package epstopdf-base Info: Redefining graphics rule for `.eps' on input line 4
85.
(/home/pacha/.TinyTeX/texmf-dist/tex/latex/latexconfig/epstopdf-sys.cfg
File: epstopdf-sys.cfg 2010/07/13 v1.3 Configuration of (r)epstopdf for TeX Liv
e
))
Package hyperref Info: Link coloring OFF on input line 68.
(/home/pacha/.TinyTeX/texmf-dist/tex/latex/hyperref/nameref.sty
Package: nameref 2021-04-02 v2.47 Cross-referencing by name of section
(/home/pacha/.TinyTeX/texmf-dist/tex/latex/refcount/refcount.sty
Package: refcount 2019/12/15 v3.6 Data extraction from label references (HO)
) (/home/pacha/.TinyTeX/texmf-dist/tex/generic/gettitlestring/gettitlestring.st
y
Package: gettitlestring 2019/12/15 v1.6 Cleanup title references (HO)
)
\c@section@level=\count342
)
LaTeX Info: Redefining \ref on input line 68.
LaTeX Info: Redefining \pageref on input line 68.
LaTeX Info: Redefining \nameref on input line 68.
(./presentation1.out) (./presentation1.out)
\@outlinefile=\write7
\openout7 = `presentation1.out'.

LaTeX Font Info:    Encoding `T1' has changed to `OT1' for symbol font
(Font)              `operators' in the math version `normal' on input line 68.
LaTeX Font Info:    Overwriting symbol font `operators' in version `normal'
(Font)                  T1/hlh/m/n --> OT1/cmss/m/n on input line 68.
LaTeX Font Info:    Encoding `T1' has changed to `OT1' for symbol font
(Font)              `operators' in the math version `bold' on input line 68.
LaTeX Font Info:    Overwriting symbol font `operators' in version `bold'
(Font)                  T1/hlh/b/n --> OT1/cmss/b/n on input line 68.
\symnumbers=\mathgroup8
\sympureletters=\mathgroup9
LaTeX Font Info:    Overwriting math alphabet `\mathrm' in version `normal'
(Font)                  T1/hlh/m/n --> T1/hlh/m/n on input line 68.
LaTeX Font Info:    Redeclaring math alphabet \mathbf on input line 68.
LaTeX Font Info:    Overwriting math alphabet `\mathbf' in version `normal'
(Font)                  T1/hlh/b/n --> T1/hls/b/n on input line 68.
LaTeX Font Info:    Overwriting math alphabet `\mathbf' in version `bold'
(Font)                  T1/hlh/b/n --> T1/hls/b/n on input line 68.
LaTeX Font Info:    Redeclaring math alphabet \mathsf on input line 68.
LaTeX Font Info:    Overwriting math alphabet `\mathsf' in version `normal'
(Font)                  T1/hls/m/n --> T1/hls/m/n on input line 68.
LaTeX Font Info:    Overwriting math alphabet `\mathsf' in version `bold'
(Font)                  T1/hls/b/n --> T1/hls/m/n on input line 68.
LaTeX Font Info:    Redeclaring math alphabet \mathit on input line 68.
LaTeX Font Info:    Overwriting math alphabet `\mathit' in version `normal'
(Font)                  T1/hlh/m/it --> T1/hls/m/it on input line 68.
LaTeX Font Info:    Overwriting math alphabet `\mathit' in version `bold'
(Font)                  T1/hlh/b/it --> T1/hls/m/it on input line 68.
LaTeX Font Info:    Redeclaring math alphabet \mathtt on input line 68.
LaTeX Font Info:    Overwriting math alphabet `\mathtt' in version `normal'
(Font)                  T1/hlst/m/n --> T1/hlst/m/n on input line 68.
LaTeX Font Info:    Overwriting math alphabet `\mathtt' in version `bold'
(Font)                  T1/hlst/b/n --> T1/hlst/m/n on input line 68.
LaTeX Font Info:    Overwriting symbol font `numbers' in version `bold'
(Font)                  T1/hls/m/n --> T1/hls/b/n on input line 68.
LaTeX Font Info:    Overwriting symbol font `pureletters' in version `bold'
(Font)                  T1/hls/m/it --> T1/hls/b/it on input line 68.
LaTeX Font Info:    Overwriting math alphabet `\mathrm' in version `bold'
(Font)                  T1/hlh/b/n --> T1/hlh/b/n on input line 68.
LaTeX Font Info:    Overwriting math alphabet `\mathbf' in version `bold'
(Font)                  T1/hls/b/n --> T1/hls/b/n on input line 68.
LaTeX Font Info:    Overwriting math alphabet `\mathsf' in version `bold'
(Font)                  T1/hls/m/n --> T1/hls/b/n on input line 68.
LaTeX Font Info:    Overwriting math alphabet `\mathit' in version `bold'
(Font)                  T1/hls/m/it --> T1/hls/b/it on input line 68.
LaTeX Font Info:    Overwriting math alphabet `\mathtt' in version `bold'
(Font)                  T1/hlst/m/n --> T1/hlst/b/n on input line 68.

(/home/pacha/.TinyTeX/texmf-dist/tex/latex/translator/translator-basic-dictiona
ry-English.dict
Dictionary: translator-basic-dictionary, Language: English 
)
(/home/pacha/.TinyTeX/texmf-dist/tex/latex/translator/translator-bibliography-d
ictionary-English.dict
Dictionary: translator-bibliography-dictionary, Language: English 
)
(/home/pacha/.TinyTeX/texmf-dist/tex/latex/translator/translator-environment-di
ctionary-English.dict
Dictionary: translator-environment-dictionary, Language: English 
)
(/home/pacha/.TinyTeX/texmf-dist/tex/latex/translator/translator-months-diction
ary-English.dict
Dictionary: translator-months-dictionary, Language: English 
)
(/home/pacha/.TinyTeX/texmf-dist/tex/latex/translator/translator-numbers-dictio
nary-English.dict
Dictionary: translator-numbers-dictionary, Language: English 
)
(/home/pacha/.TinyTeX/texmf-dist/tex/latex/translator/translator-theorem-dictio
nary-English.dict
Dictionary: translator-theorem-dictionary, Language: English 
)
LaTeX Info: Redefining \longleftarrow on input line 68.
LaTeX Info: Redefining \longrightarrow on input line 68.
LaTeX Info: Redefining \Longleftarrow on input line 68.
LaTeX Info: Redefining \Longrightarrow on input line 68.
(./presentation1.nav)
LaTeX Font Info:    Font shape `T1/hls/m/n' will be
(Font)              scaled to size 5.76004pt on input line 68.
LaTeX Font Info:    Font shape `T1/hls/m/n' will be
(Font)              scaled to size 7.35999pt on input line 68.
LaTeX Font Info:    Font shape `T1/hls/m/n' will be
(Font)              scaled to size 12.52792pt on input line 73.
LaTeX Font Info:    Font shape `T1/hls/b/n' will be
(Font)              scaled to size 12.52792pt on input line 73.
LaTeX Font Info:    Font shape `T1/hls/m/n' will be
(Font)              scaled to size 8.99994pt on input line 73.

Overfull \vbox (47.17523pt too high) detected at line 73
 []

LaTeX Font Info:    Font shape `T1/hls/m/n' will be
(Font)              scaled to size 3.91998pt on input line 73.
[1

{/home/pacha/.TinyTeX/texmf-var/fonts/map/pdftex/updmap/pdftex.map}] [2

]
LaTeX Font Info:    Font shape `T1/hls/m/it' will be
(Font)              scaled to size 9.74548pt on input line 86.
LaTeX Font Info:    Font shape `T1/hls/b/n' will be
(Font)              scaled to size 9.74548pt on input line 86.
LaTeX Font Info:    Trying to load font information for T1+hlst on input line 8
6.
(/home/pacha/.TinyTeX/texmf-local/tex/latex/lucida/t1hlst.fd
File: t1hlst.fd 2005/09/15 font definitions for T1/hlst (WaS/PCTeX/TUG)
)
LaTeX Font Info:    Font shape `T1/hlst/m/n' will be
(Font)              scaled to size 9.74548pt on input line 86.
LaTeX Font Info:    Font shape `T1/hls/m/it' will be
(Font)              scaled to size 7.35999pt on input line 86.
LaTeX Font Info:    Font shape `T1/hls/m/it' will be
(Font)              scaled to size 5.76004pt on input line 86.
LaTeX Font Info:    Font shape `T1/hls/m/n' will be
(Font)              scaled to size 10.56006pt on input line 86.
LaTeX Font Info:    Font shape `T1/hls/b/n' will be
(Font)              scaled to size 10.56006pt on input line 86.
[3

] [4

]
LaTeX Font Info:    Trying to load font information for TS1+hls on input line 1
20.
(/home/pacha/.TinyTeX/texmf-local/tex/latex/lucida/ts1hls.fd
File: ts1hls.fd 2005/09/15 font definitions for TS1/hls (WaS/PCTeX/TUG)
)
LaTeX Font Info:    Font shape `TS1/hls/m/n' will be
(Font)              scaled to size 9.74548pt on input line 120.
[5

]
LaTeX Font Info:    Font shape `TS1/hls/m/n' will be
(Font)              scaled to size 8.99994pt on input line 147.
[6

] [7

] [8

] [9

]
\openout4 = `presentation1.vrb'.

(./presentation1.vrb
Overfull \hbox (44.71666pt too wide) in paragraph at lines 32--32
[]\T1/hlst/m/n/10.95 ##       mpg             cyl             disp             
hp[] 
 []


Overfull \hbox (74.05054pt too wide) in paragraph at lines 32--32
[]\T1/hlst/m/n/10.95 ##  Min.   :10.40   Min.   :4.000   Min.   : 71.1   Min.  
 : 52.0[] 
 []


Overfull \hbox (74.05054pt too wide) in paragraph at lines 32--32
[]\T1/hlst/m/n/10.95 ##  1st Qu.:15.43   1st Qu.:4.000   1st Qu.:120.8   1st Qu
.: 96.5[] 
 []


Overfull \hbox (74.05054pt too wide) in paragraph at lines 32--32
[]\T1/hlst/m/n/10.95 ##  Median :19.20   Median :6.000   Median :196.3   Median
 :123.0[] 
 []


Overfull \hbox (74.05054pt too wide) in paragraph at lines 32--32
[]\T1/hlst/m/n/10.95 ##  Mean   :20.09   Mean   :6.188   Mean   :230.7   Mean  
 :146.7[] 
 []


Overfull \hbox (74.05054pt too wide) in paragraph at lines 32--32
[]\T1/hlst/m/n/10.95 ##  3rd Qu.:22.80   3rd Qu.:8.000   3rd Qu.:326.0   3rd Qu
.:180.0[] 
 []


Overfull \hbox (74.05054pt too wide) in paragraph at lines 32--32
[]\T1/hlst/m/n/10.95 ##  Max.   :33.90   Max.   :8.000   Max.   :472.0   Max.  
 :335.0[] 
 []


Overfull \hbox (44.71666pt too wide) in paragraph at lines 32--32
[]\T1/hlst/m/n/10.95 ##       drat             wt             qsec             
vs[] 
 []


Overfull \hbox (79.91731pt too wide) in paragraph at lines 32--32
[]\T1/hlst/m/n/10.95 ##  Min.   :2.760   Min.   :1.513   Min.   :14.50   Min.  
 :0.0000[] 
 []


Overfull \hbox (79.91731pt too wide) in paragraph at lines 32--32
[]\T1/hlst/m/n/10.95 ##  1st Qu.:3.080   1st Qu.:2.581   1st Qu.:16.89   1st Qu
.:0.0000[] 
 []


Overfull \hbox (79.91731pt too wide) in paragraph at lines 32--32
[]\T1/hlst/m/n/10.95 ##  Median :3.695   Median :3.325   Median :17.71   Median
 :0.0000[] 
 []


Overfull \hbox (79.91731pt too wide) in paragraph at lines 32--32
[]\T1/hlst/m/n/10.95 ##  Mean   :3.597   Mean   :3.217   Mean   :17.85   Mean  
 :0.4375[] 
 []


Overfull \hbox (79.91731pt too wide) in paragraph at lines 32--32
[]\T1/hlst/m/n/10.95 ##  3rd Qu.:3.920   3rd Qu.:3.610   3rd Qu.:18.90   3rd Qu
.:1.0000[] 
 []


Overfull \hbox (79.91731pt too wide) in paragraph at lines 32--32
[]\T1/hlst/m/n/10.95 ##  Max.   :4.930   Max.   :5.424   Max.   :22.90   Max.  
 :1.0000[] 
 []

)
Overfull \vbox (159.6457pt too high) detected at line 214
 []

[10

]
\openout4 = `presentation1.vrb'.

(./presentation1.vrb
<presentation1_files/figure-beamer/mtcars2-1.pdf, id=74, 325.215pt x 216.81pt>
File: presentation1_files/figure-beamer/mtcars2-1.pdf Graphic file (type pdf)
<use presentation1_files/figure-beamer/mtcars2-1.pdf>
Package pdftex.def Info: presentation1_files/figure-beamer/mtcars2-1.pdf  used 
on input line 7.
(pdftex.def)             Requested size: 325.2142pt x 216.80946pt.
)
Overfull \hbox (17.92433pt too wide) in paragraph at lines 7--224
[][]  
 []


Overfull \vbox (7.97932pt too high) detected at line 224
 []

[11

 <./presentation1_files/figure-beamer/mtcars2-1.pdf>]
\openout4 = `presentation1.vrb'.

(./presentation1.vrb
LaTeX Font Info:    Font shape `T1/hlst/m/it' in size <10.95> not available
(Font)              Font shape `T1/hlst/m/sl' tried instead on input line 7.
LaTeX Font Info:    Font shape `T1/hlst/m/sl' will be
(Font)              scaled to size 9.74548pt on input line 7.
) [12

]
\openout4 = `presentation1.vrb'.

(./presentation1.vrb) [13

]
\openout4 = `presentation1.vrb'.

(./presentation1.vrb) [14

] [15

]
LaTeX Font Info:    Font shape `T1/hls/b/it' will be
(Font)              scaled to size 9.74548pt on input line 287.
[16

] [17

] [18

] [19

] [20

]
\openout4 = `presentation1.vrb'.

(./presentation1.vrb) [21

]
\openout4 = `presentation1.vrb'.

(./presentation1.vrb) [22

]
\openout4 = `presentation1.vrb'.

(./presentation1.vrb) [23

] [24

]
\openout4 = `presentation1.vrb'.

(./presentation1.vrb) [25

]
\openout4 = `presentation1.vrb'.

(./presentation1.vrb
Overfull \hbox (13.66888pt too wide) detected at line 17
[][]
 []

) [26

]
\openout4 = `presentation1.vrb'.

(./presentation1.vrb) [27

] [28

] [29

]
\openout4 = `presentation1.vrb'.

(./presentation1.vrb) [30

]
\openout4 = `presentation1.vrb'.

(./presentation1.vrb) [31

]
\openout4 = `presentation1.vrb'.

(./presentation1.vrb) [32

] [33

]
\tf@nav=\write8
\openout8 = `presentation1.nav'.

\tf@toc=\write9
\openout9 = `presentation1.toc'.

\tf@snm=\write10
\openout10 = `presentation1.snm'.

(./presentation1.aux)
Package rerunfilecheck Info: File `presentation1.out' has not changed.
(rerunfilecheck)             Checksum: D41D8CD98F00B204E9800998ECF8427E;0.
 ) 
Here is how much of TeX's memory you used:
 25245 strings out of 480559
 490967 string characters out of 5903047
 763893 words of memory out of 5000000
 42204 multiletter control sequences out of 15000+600000
 426366 words of font info for 85 fonts, out of 8000000 for 9000
 14 hyphenation exceptions out of 8191
 101i,14n,113p,1812b,618s stack positions out of 5000i,500n,10000p,200000b,80000s
{/home/pacha/.TinyTeX/texmf-dist/fonts/enc/dvips/base/8r.enc}</home/pacha/.Ti
nyTeX/texmf-dist/fonts/type1/public/amsfonts/cm/cmss10.pfb></home/pacha/.TinyTe
X/texmf-local/fonts/type1/bh/lucida/lbma.pfb></home/pacha/.TinyTeX/texmf-local/
fonts/type1/bh/lucida/lbme.pfb></home/pacha/.TinyTeX/texmf-local/fonts/type1/bh
/lucida/lbmi.pfb></home/pacha/.TinyTeX/texmf-local/fonts/type1/bh/lucida/lbmr.p
fb></home/pacha/.TinyTeX/texmf-local/fonts/type1/bh/lucida/lbms.pfb></home/pach
a/.TinyTeX/texmf-local/fonts/type1/bh/lucida/lsd.pfb></home/pacha/.TinyTeX/texm
f-local/fonts/type1/bh/lucida/lsdi.pfb></home/pacha/.TinyTeX/texmf-local/fonts/
type1/bh/lucida/lsi.pfb></home/pacha/.TinyTeX/texmf-local/fonts/type1/bh/lucida
/lsr.pfb></home/pacha/.TinyTeX/texmf-local/fonts/type1/bh/lucida/lsto.pfb></hom
e/pacha/.TinyTeX/texmf-local/fonts/type1/bh/lucida/lstr.pfb>
Output written on presentation1.pdf (33 pages, 110350 bytes).
PDF statistics:
 306 PDF objects out of 1000 (max. 8388607)
 236 compressed objects within 3 object streams
 86 named destinations out of 1000 (max. 500000)
 48 words of extra memory for PDF output out of 10000 (max. 10000000)

